Determining if the pthread_create exist failed with the following output:
Change Dir: /afs/crc.nd.edu/user/s/sbritto2/temp/FibrinPlatelet/build/CMakeFiles/CMakeTmp

Run Build Command:"/usr/bin/gmake" "cmTC_4d6b5/fast"
/usr/bin/gmake -f CMakeFiles/cmTC_4d6b5.dir/build.make CMakeFiles/cmTC_4d6b5.dir/build
gmake[1]: Entering directory `/afs/crc.nd.edu/user/s/sbritto2/temp/FibrinPlatelet/build/CMakeFiles/CMakeTmp'
Building CXX object CMakeFiles/cmTC_4d6b5.dir/CheckSymbolExists.cxx.o
/opt/crc/g/gcc/7.1.0/bin/g++     -o CMakeFiles/cmTC_4d6b5.dir/CheckSymbolExists.cxx.o -c /afs/crc.nd.edu/user/s/sbritto2/temp/FibrinPlatelet/build/CMakeFiles/CMakeTmp/CheckSymbolExists.cxx
Linking CXX executable cmTC_4d6b5
/afs/crc.nd.edu/x86_64_linux/c/cmake/3.13.2/bin/cmake -E cmake_link_script CMakeFiles/cmTC_4d6b5.dir/link.txt --verbose=1
/opt/crc/g/gcc/7.1.0/bin/g++       CMakeFiles/cmTC_4d6b5.dir/CheckSymbolExists.cxx.o  -o cmTC_4d6b5 
CMakeFiles/cmTC_4d6b5.dir/CheckSymbolExists.cxx.o: In function `main':
CheckSymbolExists.cxx:(.text+0x16): undefined reference to `pthread_create'
collect2: error: ld returned 1 exit status
gmake[1]: *** [cmTC_4d6b5] Error 1
gmake[1]: Leaving directory `/afs/crc.nd.edu/user/s/sbritto2/temp/FibrinPlatelet/build/CMakeFiles/CMakeTmp'
gmake: *** [cmTC_4d6b5/fast] Error 2

File /afs/crc.nd.edu/user/s/sbritto2/temp/FibrinPlatelet/build/CMakeFiles/CMakeTmp/CheckSymbolExists.cxx:
/* */
#include <pthread.h>

int main(int argc, char** argv)
{
  (void)argv;
#ifndef pthread_create
  return ((int*)(&pthread_create))[argc];
#else
  (void)argc;
  return 0;
#endif
}

Determining if the function pthread_create exists in the pthreads failed with the following output:
Change Dir: /afs/crc.nd.edu/user/s/sbritto2/temp/FibrinPlatelet/build/CMakeFiles/CMakeTmp

Run Build Command:"/usr/bin/gmake" "cmTC_e6149/fast"
/usr/bin/gmake -f CMakeFiles/cmTC_e6149.dir/build.make CMakeFiles/cmTC_e6149.dir/build
gmake[1]: Entering directory `/afs/crc.nd.edu/user/s/sbritto2/temp/FibrinPlatelet/build/CMakeFiles/CMakeTmp'
Building CXX object CMakeFiles/cmTC_e6149.dir/CheckFunctionExists.cxx.o
/opt/crc/g/gcc/7.1.0/bin/g++    -DCHECK_FUNCTION_EXISTS=pthread_create   -o CMakeFiles/cmTC_e6149.dir/CheckFunctionExists.cxx.o -c /afs/crc.nd.edu/user/s/sbritto2/temp/FibrinPlatelet/build/CMakeFiles/CheckLibraryExists/CheckFunctionExists.cxx
Linking CXX executable cmTC_e6149
/afs/crc.nd.edu/x86_64_linux/c/cmake/3.13.2/bin/cmake -E cmake_link_script CMakeFiles/cmTC_e6149.dir/link.txt --verbose=1
/opt/crc/g/gcc/7.1.0/bin/g++   -DCHECK_FUNCTION_EXISTS=pthread_create    CMakeFiles/cmTC_e6149.dir/CheckFunctionExists.cxx.o  -o cmTC_e6149 -lpthreads 
/usr/bin/ld: cannot find -lpthreads
collect2: error: ld returned 1 exit status
gmake[1]: *** [cmTC_e6149] Error 1
gmake[1]: Leaving directory `/afs/crc.nd.edu/user/s/sbritto2/temp/FibrinPlatelet/build/CMakeFiles/CMakeTmp'
gmake: *** [cmTC_e6149/fast] Error 2


